
2025/03/17 (13:11:14) | ===> btop++ v.1.4.0
2025/03/17 (13:11:14) | WARNING: Intel GPU: Failed to initialize PMU

2025/03/17 (13:50:47) | ===> btop++ v.1.4.0
2025/03/17 (13:50:47) | WARNING: Intel GPU: Failed to initialize PMU

2025/03/17 (18:20:11) | ===> btop++ v.1.4.0
2025/03/17 (18:20:11) | WARNING: Intel GPU: Failed to initialize PMU

2025/03/17 (18:57:09) | ===> btop++ v.1.4.0
2025/03/17 (18:57:09) | WARNING: Intel GPU: Failed to initialize PMU

2025/03/17 (21:44:37) | ===> btop++ v.1.4.0
2025/03/17 (21:44:37) | WARNING: Intel GPU: Failed to initialize PMU

2025/03/17 (23:18:13) | ===> btop++ v.1.4.0
2025/03/17 (23:18:13) | WARNING: Intel GPU: Failed to initialize PMU

2025/03/17 (23:19:50) | ===> btop++ v.1.4.0
2025/03/17 (23:19:50) | WARNING: Intel GPU: Failed to initialize PMU

2025/03/18 (00:29:38) | ===> btop++ v.1.4.0
2025/03/18 (00:29:38) | ERROR: No tty detected!
btop++ needs an interactive shell to run.

2025/03/18 (00:29:43) | ===> btop++ v.1.4.0
2025/03/18 (00:29:43) | ERROR: No tty detected!
btop++ needs an interactive shell to run.

2025/03/18 (00:29:59) | ===> btop++ v.1.4.0
2025/03/18 (00:29:59) | ERROR: No tty detected!
btop++ needs an interactive shell to run.

2025/03/18 (01:15:05) | ===> btop++ v.1.4.0
2025/03/18 (01:15:05) | ERROR: No tty detected!
btop++ needs an interactive shell to run.

2025/03/18 (01:27:16) | ===> btop++ v.1.4.0
2025/03/18 (01:27:16) | ERROR: No tty detected!
btop++ needs an interactive shell to run.

2025/03/18 (01:34:17) | ===> btop++ v.1.4.0
2025/03/18 (01:34:17) | ERROR: No tty detected!
btop++ needs an interactive shell to run.

2025/03/18 (01:34:20) | ===> btop++ v.1.4.0
2025/03/18 (01:34:20) | ERROR: No tty detected!
btop++ needs an interactive shell to run.

2025/03/18 (01:34:23) | ===> btop++ v.1.4.0
2025/03/18 (01:34:23) | WARNING: Intel GPU: Failed to initialize PMU

2025/03/18 (20:28:10) | ===> btop++ v.1.4.0
2025/03/18 (20:28:10) | ERROR: No tty detected!
btop++ needs an interactive shell to run.

2025/03/19 (13:59:14) | ===> btop++ v.1.4.0
2025/03/19 (13:59:14) | WARNING: Intel GPU: Failed to initialize PMU

2025/03/19 (14:45:42) | ===> btop++ v.1.4.0
2025/03/19 (14:45:42) | WARNING: Intel GPU: Failed to initialize PMU

2025/03/19 (18:41:31) | ===> btop++ v.1.4.0
2025/03/19 (18:41:31) | WARNING: Intel GPU: Failed to initialize PMU

2025/03/19 (21:45:48) | ===> btop++ v.1.4.0
2025/03/19 (21:45:48) | WARNING: Intel GPU: Failed to initialize PMU

2025/03/20 (00:27:58) | ===> btop++ v.1.4.0
2025/03/20 (00:27:58) | ERROR: No tty detected!
btop++ needs an interactive shell to run.

2025/03/20 (00:28:03) | ===> btop++ v.1.4.0
2025/03/20 (00:28:03) | WARNING: Intel GPU: Failed to initialize PMU

2025/03/20 (17:47:40) | ===> btop++ v.1.4.0
2025/03/20 (17:47:40) | ERROR: No tty detected!
btop++ needs an interactive shell to run.

2025/03/20 (19:01:15) | ===> btop++ v.1.4.0
2025/03/20 (19:01:15) | ERROR: No tty detected!
btop++ needs an interactive shell to run.

2025/03/20 (22:41:03) | ===> btop++ v.1.4.0
2025/03/20 (22:41:03) | ERROR: No tty detected!
btop++ needs an interactive shell to run.

2025/03/20 (22:41:10) | ===> btop++ v.1.4.0
2025/03/20 (22:41:10) | WARNING: Intel GPU: Failed to initialize PMU

2025/03/21 (01:17:45) | ===> btop++ v.1.4.0
2025/03/21 (01:17:45) | WARNING: Intel GPU: Failed to initialize PMU
2025/03/21 (01:17:58) | ERROR: Exception during Config::unlock() : unordered_map::at

2025/03/21 (01:18:03) | ===> btop++ v.1.4.0
2025/03/21 (01:18:03) | WARNING: Intel GPU: Failed to initialize PMU
2025/03/21 (01:18:05) | ERROR: Exception during Config::unlock() : unordered_map::at

2025/03/21 (01:18:10) | ===> btop++ v.1.4.0
2025/03/21 (01:18:10) | WARNING: Intel GPU: Failed to initialize PMU

2025/03/21 (18:51:22) | ===> btop++ v.1.4.0
2025/03/21 (18:51:22) | WARNING: Intel GPU: Failed to initialize PMU

2025/03/29 (00:52:49) | ===> btop++ v.1.4.0
2025/03/29 (00:52:49) | WARNING: Intel GPU: Failed to initialize PMU
